<?xml version="1.0" encoding="UTF-8"?>
<!-- Generated by org.testng.reporters.JUnitReportReporter -->
<testsuite skipped="0" hostname="LAPTOP-AR9DTOLK" name="SeleniumPractice.MavenJava.RestApiTest" tests="2" failures="0" timestamp="20 May 2022 19:34:43 GMT" time="0.002" errors="0">
  <testcase name="postJira" time="0.001" classname="SeleniumPractice.MavenJava.RestApiTest"/>
  <testcase name="DeleteTwitter" time="0.001" classname="SeleniumPractice.MavenJava.RestApiTest"/>
</testsuite> <!-- SeleniumPractice.MavenJava.RestApiTest -->
