<?xml version="1.0" encoding="UTF-8"?>
<!-- Generated by org.testng.reporters.JUnitReportReporter -->
<testsuite skipped="0" hostname="LAPTOP-AR9DTOLK" name="SeleniumPractice.MavenJava.SeleniumTest" tests="2" failures="0" timestamp="21 May 2022 19:12:38 GMT" time="0.001" errors="0">
  <testcase name="ElementsUI" time="0.001" classname="SeleniumPractice.MavenJava.SeleniumTest"/>
  <testcase name="BrowserAutomation" time="0.000" classname="SeleniumPractice.MavenJava.SeleniumTest"/>
</testsuite> <!-- SeleniumPractice.MavenJava.SeleniumTest -->
