<?xml version="1.0" encoding="UTF-8"?>
<!-- Generated by org.testng.reporters.JUnitReportReporter -->
<testsuite skipped="0" hostname="LAPTOP-AR9DTOLK" name="SeleniumPractice.MavenJava.AppiumTest" tests="2" failures="0" timestamp="21 May 2022 19:12:22 GMT" time="0.000" errors="0">
  <testcase name="AndroidApps" time="0.000" classname="SeleniumPractice.MavenJava.AppiumTest"/>
  <testcase name="IosApps" time="0.000" classname="SeleniumPractice.MavenJava.AppiumTest"/>
</testsuite> <!-- SeleniumPractice.MavenJava.AppiumTest -->
